[mp3 @ 0x6498f6f15880] Estimating duration from bitrate, this may be inaccurate
Input #0, mp3, from 'reports/roundtable-user-qa-2026-06-05-v3/audio/01-200.mp3':
  Duration: 00:00:12.75, start: 0.000000, bitrate: 127 kb/s
  Stream #0:0: Audio: mp3, 44100 Hz, mono, fltp, 128 kb/s
Stream mapping:
  Stream #0:0 -> #0:0 (mp3 (mp3float) -> pcm_s16le (native))
Press [q] to stop, [?] for help
Output #0, null, to 'pipe:':
  Metadata:
    encoder         : Lavf59.27.100
  Stream #0:0: Audio: pcm_s16le, 44100 Hz, mono, s16, 705 kb/s
    Metadata:
      encoder         : Lavc59.37.100 pcm_s16le
size=N/A time=00:00:00.02 bitrate=N/A speed=2.61e+04x    size=N/A time=00:00:12.74 bitrate=N/A speed= 207x    
video:0kB audio:1098kB subtitle:0kB other streams:0kB global headers:0kB muxing overhead: unknown
[Parsed_volumedetect_0 @ 0x6498f6f29cc0] n_samples: 562176
[Parsed_volumedetect_0 @ 0x6498f6f29cc0] mean_volume: -22.2 dB
[Parsed_volumedetect_0 @ 0x6498f6f29cc0] max_volume: -3.6 dB
[Parsed_volumedetect_0 @ 0x6498f6f29cc0] histogram_3db: 6
[Parsed_volumedetect_0 @ 0x6498f6f29cc0] histogram_4db: 55
[Parsed_volumedetect_0 @ 0x6498f6f29cc0] histogram_5db: 141
[Parsed_volumedetect_0 @ 0x6498f6f29cc0] histogram_6db: 337
[Parsed_volumedetect_0 @ 0x6498f6f29cc0] histogram_7db: 667
